This is pdfTeX, Version 3.1415926-2.5-1.40.14 (TeX Live 2013/Debian) (format=pdflatex 2016.6.21)  15 DEC 2016 16:11
entering extended mode
 restricted \write18 enabled.
 %&-line parsing enabled.
**paper_v4_cmame.tex
(./paper_v4_cmame.tex
LaTeX2e <2011/06/27>
Babel <3.9h> and hyphenation patterns for 78 languages loaded.
(/usr/share/texlive/texmf-dist/tex/latex/elsarticle/elsarticle.cls
Document Class: elsarticle 2009/09/17, 1.2.0: Elsevier Ltd
\@bls=\dimen102
(/usr/share/texlive/texmf-dist/tex/latex/base/article.cls
Document Class: article 2007/10/19 v1.4h Standard LaTeX document class
(/usr/share/texlive/texmf-dist/tex/latex/base/size10.clo
File: size10.clo 2007/10/19 v1.4h Standard LaTeX file (size option)
)
\c@part=\count79
\c@section=\count80
\c@subsection=\count81
\c@subsubsection=\count82
\c@paragraph=\count83
\c@subparagraph=\count84
\c@figure=\count85
\c@table=\count86
\abovecaptionskip=\skip41
\belowcaptionskip=\skip42
\bibindent=\dimen103
)
(/usr/share/texlive/texmf-dist/tex/latex/graphics/graphicx.sty
Package: graphicx 1999/02/16 v1.0f Enhanced LaTeX Graphics (DPC,SPQR)

(/usr/share/texlive/texmf-dist/tex/latex/graphics/keyval.sty
Package: keyval 1999/03/16 v1.13 key=value parser (DPC)
\KV@toks@=\toks14
)
(/usr/share/texlive/texmf-dist/tex/latex/graphics/graphics.sty
Package: graphics 2009/02/05 v1.0o Standard LaTeX Graphics (DPC,SPQR)

(/usr/share/texlive/texmf-dist/tex/latex/graphics/trig.sty
Package: trig 1999/03/16 v1.09 sin cos tan (DPC)
)
(/usr/share/texlive/texmf-dist/tex/latex/latexconfig/graphics.cfg
File: graphics.cfg 2010/04/23 v1.9 graphics configuration of TeX Live
)
Package graphics Info: Driver file: pdftex.def on input line 91.

(/usr/share/texlive/texmf-dist/tex/latex/pdftex-def/pdftex.def
File: pdftex.def 2011/05/27 v0.06d Graphics/color for pdfTeX

(/usr/share/texlive/texmf-dist/tex/generic/oberdiek/infwarerr.sty
Package: infwarerr 2010/04/08 v1.3 Providing info/warning/error messages (HO)
)
(/usr/share/texlive/texmf-dist/tex/generic/oberdiek/ltxcmds.sty
Package: ltxcmds 2011/11/09 v1.22 LaTeX kernel commands for general use (HO)
)
\Gread@gobject=\count87
))
\Gin@req@height=\dimen104
\Gin@req@width=\dimen105
)
(/usr/share/texlive/texmf-dist/tex/latex/psnfss/pifont.sty
Package: pifont 2005/04/12 PSNFSS-v9.2a Pi font support (SPQR) 
LaTeX Font Info:    Try loading font information for U+pzd on input line 63.

(/usr/share/texlive/texmf-dist/tex/latex/psnfss/upzd.fd
File: upzd.fd 2001/06/04 font definitions for U/pzd.
)
LaTeX Font Info:    Try loading font information for U+psy on input line 64.

(/usr/share/texlive/texmf-dist/tex/latex/psnfss/upsy.fd
File: upsy.fd 2001/06/04 font definitions for U/psy.
))
\c@tnote=\count88
\c@fnote=\count89
\c@cnote=\count90
\c@ead=\count91
\c@author=\count92
\@eadauthor=\toks15
\c@affn=\count93
\absbox=\box26
\keybox=\box27
\Columnwidth=\dimen106
\space@left=\dimen107
\els@boxa=\box28
\els@boxb=\box29
\leftMargin=\dimen108
\@enLab=\toks16
\@sep=\skip43
\@@sep=\skip44
 (./paper_v4_cmame.spl) (/usr/share/texlive/texmf-dist/tex/latex/natbib/natbib.
sty
Package: natbib 2010/09/13 8.31b (PWD, AO)
\bibhang=\skip45
\bibsep=\skip46
LaTeX Info: Redefining \cite on input line 694.
\c@NAT@ctr=\count94
)
\splwrite=\write3
\openout3 = `paper_v4_cmame.spl'.

)
(/usr/share/texlive/texmf-dist/tex/latex/amsmath/amsmath.sty
Package: amsmath 2013/01/14 v2.14 AMS math features
\@mathmargin=\skip47

For additional information on amsmath, use the `?' option.
(/usr/share/texlive/texmf-dist/tex/latex/amsmath/amstext.sty
Package: amstext 2000/06/29 v2.01

(/usr/share/texlive/texmf-dist/tex/latex/amsmath/amsgen.sty
File: amsgen.sty 1999/11/30 v2.0
\@emptytoks=\toks17
\ex@=\dimen109
))
(/usr/share/texlive/texmf-dist/tex/latex/amsmath/amsbsy.sty
Package: amsbsy 1999/11/29 v1.2d
\pmbraise@=\dimen110
)
(/usr/share/texlive/texmf-dist/tex/latex/amsmath/amsopn.sty
Package: amsopn 1999/12/14 v2.01 operator names
)
\inf@bad=\count95
LaTeX Info: Redefining \frac on input line 210.
\uproot@=\count96
\leftroot@=\count97
LaTeX Info: Redefining \overline on input line 306.
\classnum@=\count98
\DOTSCASE@=\count99
LaTeX Info: Redefining \ldots on input line 378.
LaTeX Info: Redefining \dots on input line 381.
LaTeX Info: Redefining \cdots on input line 466.
\Mathstrutbox@=\box30
\strutbox@=\box31
\big@size=\dimen111
LaTeX Font Info:    Redeclaring font encoding OML on input line 566.
LaTeX Font Info:    Redeclaring font encoding OMS on input line 567.
\macc@depth=\count100
\c@MaxMatrixCols=\count101
\dotsspace@=\muskip10
\c@parentequation=\count102
\dspbrk@lvl=\count103
\tag@help=\toks18
\row@=\count104
\column@=\count105
\maxfields@=\count106
\andhelp@=\toks19
\eqnshift@=\dimen112
\alignsep@=\dimen113
\tagshift@=\dimen114
\tagwidth@=\dimen115
\totwidth@=\dimen116
\lineht@=\dimen117
\@envbody=\toks20
\multlinegap=\skip48
\multlinetaggap=\skip49
\mathdisplay@stack=\toks21
LaTeX Info: Redefining \[ on input line 2665.
LaTeX Info: Redefining \] on input line 2666.
)
(/usr/share/texlive/texmf-dist/tex/latex/amscls/amsthm.sty
Package: amsthm 2004/08/06 v2.20
\thm@style=\toks22
\thm@bodyfont=\toks23
\thm@headfont=\toks24
\thm@notefont=\toks25
\thm@headpunct=\toks26
\thm@preskip=\skip50
\thm@postskip=\skip51
\thm@headsep=\skip52
\dth@everypar=\toks27
LaTeX Info: Redefining \qed on input line 283.
)
(/usr/share/texlive/texmf-dist/tex/latex/amsfonts/amssymb.sty
Package: amssymb 2013/01/14 v3.01 AMS font symbols

(/usr/share/texlive/texmf-dist/tex/latex/amsfonts/amsfonts.sty
Package: amsfonts 2013/01/14 v3.01 Basic AMSFonts support
\symAMSa=\mathgroup4
\symAMSb=\mathgroup5
LaTeX Font Info:    Overwriting math alphabet `\mathfrak' in version `bold'
(Font)                  U/euf/m/n --> U/euf/b/n on input line 106.
))
(/usr/share/texlive/texmf-dist/tex/latex/base/latexsym.sty
Package: latexsym 1998/08/17 v2.2e Standard LaTeX package (lasy symbols)
\symlasy=\mathgroup6
LaTeX Font Info:    Overwriting symbol font `lasy' in version `bold'
(Font)                  U/lasy/m/n --> U/lasy/b/n on input line 47.
)
(/usr/share/texlive/texmf-dist/tex/latex/multirow/multirow.sty
\bigstrutjot=\dimen118
)
(/usr/share/texlive/texmf-dist/tex/latex/cancel/cancel.sty
Package: cancel 2013/04/12 v2.2 Cancel math terms
)
(/usr/share/texlive/texmf-dist/tex/latex/tools/enumerate.sty
Package: enumerate 1999/03/05 v3.00 enumerate extensions (DPC)
\@enLab=\toks28
)
(/usr/share/texlive/texmf-dist/tex/latex/graphics/color.sty
Package: color 2005/11/14 v1.0j Standard LaTeX Color (DPC)

(/usr/share/texlive/texmf-dist/tex/latex/latexconfig/color.cfg
File: color.cfg 2007/01/18 v1.5 color configuration of teTeX/TeXLive
)
Package color Info: Driver file: pdftex.def on input line 130.
)
(/usr/share/texlive/texmf-dist/tex/latex/hyperref/hyperref.sty
Package: hyperref 2012/11/06 v6.83m Hypertext links for LaTeX

(/usr/share/texlive/texmf-dist/tex/generic/oberdiek/hobsub-hyperref.sty
Package: hobsub-hyperref 2012/05/28 v1.13 Bundle oberdiek, subset hyperref (HO)


(/usr/share/texlive/texmf-dist/tex/generic/oberdiek/hobsub-generic.sty
Package: hobsub-generic 2012/05/28 v1.13 Bundle oberdiek, subset generic (HO)
Package: hobsub 2012/05/28 v1.13 Construct package bundles (HO)
Package hobsub Info: Skipping package `infwarerr' (already loaded).
Package hobsub Info: Skipping package `ltxcmds' (already loaded).
Package: ifluatex 2010/03/01 v1.3 Provides the ifluatex switch (HO)
Package ifluatex Info: LuaTeX not detected.
Package: ifvtex 2010/03/01 v1.5 Detect VTeX and its facilities (HO)
Package ifvtex Info: VTeX not detected.
Package: intcalc 2007/09/27 v1.1 Expandable calculations with integers (HO)
Package: ifpdf 2011/01/30 v2.3 Provides the ifpdf switch (HO)
Package ifpdf Info: pdfTeX in PDF mode is detected.
Package: etexcmds 2011/02/16 v1.5 Avoid name clashes with e-TeX commands (HO)
Package etexcmds Info: Could not find \expanded.
(etexcmds)             That can mean that you are not using pdfTeX 1.50 or
(etexcmds)             that some package has redefined \expanded.
(etexcmds)             In the latter case, load this package earlier.
Package: kvsetkeys 2012/04/25 v1.16 Key value parser (HO)
Package: kvdefinekeys 2011/04/07 v1.3 Define keys (HO)
Package: pdftexcmds 2011/11/29 v0.20 Utility functions of pdfTeX for LuaTeX (HO
)
Package pdftexcmds Info: LuaTeX not detected.
Package pdftexcmds Info: \pdf@primitive is available.
Package pdftexcmds Info: \pdf@ifprimitive is available.
Package pdftexcmds Info: \pdfdraftmode found.
Package: pdfescape 2011/11/25 v1.13 Implements pdfTeX's escape features (HO)
Package: bigintcalc 2012/04/08 v1.3 Expandable calculations on big integers (HO
)
Package: bitset 2011/01/30 v1.1 Handle bit-vector datatype (HO)
Package: uniquecounter 2011/01/30 v1.2 Provide unlimited unique counter (HO)
)
Package hobsub Info: Skipping package `hobsub' (already loaded).
Package: letltxmacro 2010/09/02 v1.4 Let assignment for LaTeX macros (HO)
Package: hopatch 2012/05/28 v1.2 Wrapper for package hooks (HO)
Package: xcolor-patch 2011/01/30 xcolor patch
Package: atveryend 2011/06/30 v1.8 Hooks at the very end of document (HO)
Package atveryend Info: \enddocument detected (standard20110627).
Package: atbegshi 2011/10/05 v1.16 At begin shipout hook (HO)
Package: refcount 2011/10/16 v3.4 Data extraction from label references (HO)
Package: hycolor 2011/01/30 v1.7 Color options for hyperref/bookmark (HO)
)
(/usr/share/texlive/texmf-dist/tex/generic/ifxetex/ifxetex.sty
Package: ifxetex 2010/09/12 v0.6 Provides ifxetex conditional
)
(/usr/share/texlive/texmf-dist/tex/latex/oberdiek/auxhook.sty
Package: auxhook 2011/03/04 v1.3 Hooks for auxiliary files (HO)
)
(/usr/share/texlive/texmf-dist/tex/latex/oberdiek/kvoptions.sty
Package: kvoptions 2011/06/30 v3.11 Key value format for package options (HO)
)
\@linkdim=\dimen119
\Hy@linkcounter=\count107
\Hy@pagecounter=\count108

(/usr/share/texlive/texmf-dist/tex/latex/hyperref/pd1enc.def
File: pd1enc.def 2012/11/06 v6.83m Hyperref: PDFDocEncoding definition (HO)
)
\Hy@SavedSpaceFactor=\count109

(/usr/share/texlive/texmf-dist/tex/latex/latexconfig/hyperref.cfg
File: hyperref.cfg 2002/06/06 v1.2 hyperref configuration of TeXLive
)
Package hyperref Info: Hyper figures OFF on input line 4443.
Package hyperref Info: Link nesting OFF on input line 4448.
Package hyperref Info: Hyper index ON on input line 4451.
Package hyperref Info: Plain pages OFF on input line 4458.
Package hyperref Info: Backreferencing OFF on input line 4463.
Package hyperref Info: Implicit mode ON; LaTeX internals redefined.
Package hyperref Info: Bookmarks ON on input line 4688.
\c@Hy@tempcnt=\count110

(/usr/share/texlive/texmf-dist/tex/latex/url/url.sty
\Urlmuskip=\muskip11
Package: url 2013/09/16  ver 3.4  Verb mode for urls, etc.
)
LaTeX Info: Redefining \url on input line 5041.
\XeTeXLinkMargin=\dimen120
\Fld@menulength=\count111
\Field@Width=\dimen121
\Fld@charsize=\dimen122
Package hyperref Info: Hyper figures OFF on input line 6295.
Package hyperref Info: Link nesting OFF on input line 6300.
Package hyperref Info: Hyper index ON on input line 6303.
Package hyperref Info: backreferencing OFF on input line 6310.
Package hyperref Info: Link coloring OFF on input line 6315.
Package hyperref Info: Link coloring with OCG OFF on input line 6320.
Package hyperref Info: PDF/A mode OFF on input line 6325.
LaTeX Info: Redefining \ref on input line 6365.
LaTeX Info: Redefining \pageref on input line 6369.
\Hy@abspage=\count112
\c@Item=\count113
\c@Hfootnote=\count114
)

Package hyperref Message: Driver (autodetected): hpdftex.

(/usr/share/texlive/texmf-dist/tex/latex/hyperref/hpdftex.def
File: hpdftex.def 2012/11/06 v6.83m Hyperref driver for pdfTeX
\Fld@listcount=\count115
\c@bookmark@seq@number=\count116

(/usr/share/texlive/texmf-dist/tex/latex/oberdiek/rerunfilecheck.sty
Package: rerunfilecheck 2011/04/15 v1.7 Rerun checks for auxiliary files (HO)
Package uniquecounter Info: New unique counter `rerunfilecheck' on input line 2
82.
)
\Hy@SectionHShift=\skip53
)
(/usr/share/texlive/texmf-dist/tex/latex/cleveref/cleveref.sty
Package: cleveref 2013/12/28 v0.19 Intelligent cross-referencing
Package cleveref Info: `hyperref' support loaded on input line 2230.
LaTeX Info: Redefining \cref on input line 2230.
LaTeX Info: Redefining \Cref on input line 2230.
LaTeX Info: Redefining \crefrange on input line 2230.
LaTeX Info: Redefining \Crefrange on input line 2230.
LaTeX Info: Redefining \cpageref on input line 2230.
LaTeX Info: Redefining \Cpageref on input line 2230.
LaTeX Info: Redefining \cpagerefrange on input line 2230.
LaTeX Info: Redefining \Cpagerefrange on input line 2230.
LaTeX Info: Redefining \labelcref on input line 2230.
LaTeX Info: Redefining \labelcpageref on input line 2230.
Package cleveref Info: `amsthm' support loaded on input line 2858.
Package cleveref Info: sorting and compressing references on input line 7493.
)
(/usr/share/texlive/texmf-dist/tex/latex/algorithmicx/algorithmicx.sty
Package: algorithmicx 2005/04/27 v1.2 Algorithmicx

(/usr/share/texlive/texmf-dist/tex/latex/base/ifthen.sty
Package: ifthen 2001/05/26 v1.1c Standard LaTeX ifthen package (DPC)
)
Document Style algorithmicx 1.2 - a greatly improved `algorithmic' style
\c@ALG@line=\count117
\c@ALG@rem=\count118
\c@ALG@nested=\count119
\ALG@tlm=\skip54
\ALG@thistlm=\skip55
\c@ALG@Lnr=\count120
\c@ALG@blocknr=\count121
\c@ALG@storecount=\count122
\c@ALG@tmpcounter=\count123
\ALG@tmplength=\skip56
) (/usr/share/texlive/texmf-dist/tex/latex/algorithms/algorithm.sty
Package: algorithm 2009/08/24 v0.1 Document Style `algorithm' - floating enviro
nment

(/usr/share/texlive/texmf-dist/tex/latex/float/float.sty
Package: float 2001/11/08 v1.3d Float enhancements (AL)
\c@float@type=\count124
\float@exts=\toks29
\float@box=\box32
\@float@everytoks=\toks30
\@floatcapt=\box33
)
\@float@every@algorithm=\toks31
\c@algorithm=\count125
)
(/usr/share/texlive/texmf-dist/tex/latex/algorithmicx/algpseudocode.sty
Package: algpseudocode 

Document Style - pseudocode environments for use with the `algorithmicx' style
) (/usr/share/texlive/texmf-dist/tex/latex/varwidth/varwidth.sty
Package: varwidth 2009/03/30 ver 0.92;  Variable-width minipages
\@vwid@box=\box34
\sift@deathcycles=\count126
\@vwid@loff=\dimen123
\@vwid@roff=\dimen124
)
(/usr/share/texlive/texmf-dist/tex/latex/jknapltx/mathrsfs.sty
Package: mathrsfs 1996/01/01 Math RSFS package v1.0 (jk)
\symrsfs=\mathgroup7
)
(/usr/share/texlive/texmf-dist/tex/latex/was/upgreek.sty
Package: upgreek 2003/02/12 v2.0 (WaS)
Package upgreek Info: Using Euler Roman for upright Greek on input line 31.
\symugrf@m=\mathgroup8
LaTeX Font Info:    Overwriting symbol font `ugrf@m' in version `bold'
(Font)                  U/eur/m/n --> U/eur/b/n on input line 38.
)
(/usr/share/texlive/texmf-dist/tex/latex/subfig/subfig.sty
Package: subfig 2005/06/28 ver: 1.3 subfig package

(/usr/share/texlive/texmf-dist/tex/latex/caption/caption3.sty
Package: caption3 2013/05/02 v1.6-88 caption3 kernel (AR)
Package caption3 Info: TeX engine: e-TeX on input line 57.
\captionmargin=\dimen125
\captionmargin@=\dimen126
\captionwidth=\dimen127
\caption@tempdima=\dimen128
\caption@indent=\dimen129
\caption@parindent=\dimen130
\caption@hangindent=\dimen131
)
\c@KVtest=\count127
\sf@farskip=\skip57
\sf@captopadj=\dimen132
\sf@capskip=\skip58
\sf@nearskip=\skip59
\c@subfigure=\count128
\c@subfigure@save=\count129
\c@lofdepth=\count130
\c@subtable=\count131
\c@subtable@save=\count132
\c@lotdepth=\count133
\sf@top=\skip60
\sf@bottom=\skip61
)
Package hyperref Info: Option `colorlinks' set `true' on input line 40.
\c@theorem=\count134
\c@proposition=\count135

(./paper_v4_cmame.aux)
\openout1 = `paper_v4_cmame.aux'.

LaTeX Font Info:    Checking defaults for OML/cmm/m/it on input line 54.
LaTeX Font Info:    ... okay on input line 54.
LaTeX Font Info:    Checking defaults for T1/cmr/m/n on input line 54.
LaTeX Font Info:    ... okay on input line 54.
LaTeX Font Info:    Checking defaults for OT1/cmr/m/n on input line 54.
LaTeX Font Info:    ... okay on input line 54.
LaTeX Font Info:    Checking defaults for OMS/cmsy/m/n on input line 54.
LaTeX Font Info:    ... okay on input line 54.
LaTeX Font Info:    Checking defaults for OMX/cmex/m/n on input line 54.
LaTeX Font Info:    ... okay on input line 54.
LaTeX Font Info:    Checking defaults for U/cmr/m/n on input line 54.
LaTeX Font Info:    ... okay on input line 54.
LaTeX Font Info:    Checking defaults for PD1/pdf/m/n on input line 54.
LaTeX Font Info:    ... okay on input line 54.

(/usr/share/texlive/texmf-dist/tex/context/base/supp-pdf.mkii
[Loading MPS to PDF converter (version 2006.09.02).]
\scratchcounter=\count136
\scratchdimen=\dimen133
\scratchbox=\box35
\nofMPsegments=\count137
\nofMParguments=\count138
\everyMPshowfont=\toks32
\MPscratchCnt=\count139
\MPscratchDim=\dimen134
\MPnumerator=\count140
\makeMPintoPDFobject=\count141
\everyMPtoPDFconversion=\toks33
) (/usr/share/texlive/texmf-dist/tex/latex/oberdiek/epstopdf-base.sty
Package: epstopdf-base 2010/02/09 v2.5 Base part for package epstopdf

(/usr/share/texlive/texmf-dist/tex/latex/oberdiek/grfext.sty
Package: grfext 2010/08/19 v1.1 Manage graphics extensions (HO)
)
Package grfext Info: Graphics extension search list:
(grfext)             [.png,.pdf,.jpg,.mps,.jpeg,.jbig2,.jb2,.PNG,.PDF,.JPG,.JPE
G,.JBIG2,.JB2,.eps]
(grfext)             \AppendGraphicsExtensions on input line 452.

(/usr/share/texlive/texmf-dist/tex/latex/latexconfig/epstopdf-sys.cfg
File: epstopdf-sys.cfg 2010/07/13 v1.3 Configuration of (r)epstopdf for TeX Liv
e
))
\AtBeginShipoutBox=\box36
Package hyperref Info: Link coloring ON on input line 54.

(/usr/share/texlive/texmf-dist/tex/latex/hyperref/nameref.sty
Package: nameref 2012/10/27 v2.43 Cross-referencing by name of section

(/usr/share/texlive/texmf-dist/tex/generic/oberdiek/gettitlestring.sty
Package: gettitlestring 2010/12/03 v1.4 Cleanup title references (HO)
)
\c@section@level=\count142
)
LaTeX Info: Redefining \ref on input line 54.
LaTeX Info: Redefining \pageref on input line 54.
LaTeX Info: Redefining \nameref on input line 54.

(./paper_v4_cmame.out) (./paper_v4_cmame.out)
\@outlinefile=\write4
\openout4 = `paper_v4_cmame.out'.

Package caption Info: Begin \AtBeginDocument code.
Package caption Info: subfig package v1.3 is loaded.
Package caption Info: End \AtBeginDocument code.
 (./abstract_v4.tex)
LaTeX Font Info:    Try loading font information for U+msa on input line 84.

(/usr/share/texlive/texmf-dist/tex/latex/amsfonts/umsa.fd
File: umsa.fd 2013/01/14 v3.01 AMS symbols A
)
LaTeX Font Info:    Try loading font information for U+msb on input line 84.

(/usr/share/texlive/texmf-dist/tex/latex/amsfonts/umsb.fd
File: umsb.fd 2013/01/14 v3.01 AMS symbols B
)
LaTeX Font Info:    Try loading font information for U+lasy on input line 84.

(/usr/share/texlive/texmf-dist/tex/latex/base/ulasy.fd
File: ulasy.fd 1998/08/17 v2.2e LaTeX symbol font definitions
)
LaTeX Font Info:    Try loading font information for U+rsfs on input line 84.

(/usr/share/texlive/texmf-dist/tex/latex/jknapltx/ursfs.fd
File: ursfs.fd 1998/03/24 rsfs font definition file (jk)
) [1


{/var/lib/texmf/fonts/map/pdftex/updmap/pdftex.map}] (./intro_v4_cmame.tex [2] 
[3])
(./mathematical_formulation_v4_cmame.tex [4] [5] [6] [7] [8])
(./algorithms_v4_cmame.tex
Package hyperref Info: bookmark level for unknown algorithm defaults to 0 on in
put line 14.


LaTeX Warning: `!h' float specifier changed to `!ht'.

[9] [10]) (./numerical_experiments_v4_cmame.tex [11]
Overfull \hbox (1.07462pt too wide) in paragraph at lines 8--11
\OT1/cmr/m/n/10 cluded. In Sec-tion [][]4.1.1[][] we de-scribe a base-line setu
p for a sim-ple two-dimensional
 []


Overfull \hbox (2.2413pt too wide) in paragraph at lines 14--18
\OT1/cmr/m/n/10 are the spa-tial co-or-di-nates. The high-fidelity model is a s
ingle-species convection-
 []

[12] <./figures/baseSeries/setup_3_3.pdf, id=280, 976.64874pt x 247.92625pt>
File: ./figures/baseSeries/setup_3_3.pdf Graphic file (type pdf)

<use ./figures/baseSeries/setup_3_3.pdf>
Package pdftex.def Info: ./figures/baseSeries/setup_3_3.pdf used on input line 
59.
(pdftex.def)             Requested size: 276.00105pt x 70.06198pt.
 [13pdfTeX warning (ext4): destination with the same identifier (name{figure.1}
) has been already used, duplicate ignored

\AtBegShi@Output ...ipout \box \AtBeginShipoutBox 
                                                  \fi \fi 
l.69 \begin{equation}
                      <./figures/baseSeries/setup_3_3.pdf>]
<./figures/baseSeries/cd_cdr_LF_divvy.jpeg, id=312, 766.3029pt x 254.8722pt>
File: ./figures/baseSeries/cd_cdr_LF_divvy.jpeg Graphic file (type jpg)

<use ./figures/baseSeries/cd_cdr_LF_divvy.jpeg>
Package pdftex.def Info: ./figures/baseSeries/cd_cdr_LF_divvy.jpeg used on inpu
t line 95.
(pdftex.def)             Requested size: 158.70232pt x 52.78192pt.

<./figures/baseSeries/err_breakdown_LF.jpeg, id=313, 861.9402pt x 270.2898pt>
File: ./figures/baseSeries/err_breakdown_LF.jpeg Graphic file (type jpg)

<use ./figures/baseSeries/err_breakdown_LF.jpeg>
Package pdftex.def Info: ./figures/baseSeries/err_breakdown_LF.jpeg used on inp
ut line 95.
(pdftex.def)             Requested size: 169.0519pt x 53.00943pt.

<./figures/baseSeries/cd_cdr_MF01_divvy.jpeg, id=314, 766.3029pt x 254.8722pt>
File: ./figures/baseSeries/cd_cdr_MF01_divvy.jpeg Graphic file (type jpg)

<use ./figures/baseSeries/cd_cdr_MF01_divvy.jpeg>
Package pdftex.def Info: ./figures/baseSeries/cd_cdr_MF01_divvy.jpeg used on in
put line 99.
(pdftex.def)             Requested size: 158.70232pt x 52.78192pt.

<./figures/baseSeries/err_breakdown_MF01.jpeg, id=315, 862.422pt x 270.7716pt>
File: ./figures/baseSeries/err_breakdown_MF01.jpeg Graphic file (type jpg)

<use ./figures/baseSeries/err_breakdown_MF01.jpeg>
Package pdftex.def Info: ./figures/baseSeries/err_breakdown_MF01.jpeg used on i
nput line 99.
(pdftex.def)             Requested size: 169.0519pt x 53.075pt.

<./figures/baseSeries/cd_cdr_MF02_divvy.jpeg, id=316, 766.3029pt x 254.8722pt>
File: ./figures/baseSeries/cd_cdr_MF02_divvy.jpeg Graphic file (type jpg)

<use ./figures/baseSeries/cd_cdr_MF02_divvy.jpeg>
Package pdftex.def Info: ./figures/baseSeries/cd_cdr_MF02_divvy.jpeg used on in
put line 103.
(pdftex.def)             Requested size: 158.70232pt x 52.78192pt.

<./figures/baseSeries/err_breakdown_MF02.jpeg, id=317, 862.422pt x 270.7716pt>
File: ./figures/baseSeries/err_breakdown_MF02.jpeg Graphic file (type jpg)

<use ./figures/baseSeries/err_breakdown_MF02.jpeg>
Package pdftex.def Info: ./figures/baseSeries/err_breakdown_MF02.jpeg used on i
nput line 103.
(pdftex.def)             Requested size: 169.0519pt x 53.075pt.

<./figures/baseSeries/err_est.pdf, id=321, 513.92pt x 147.55125pt>
File: ./figures/baseSeries/err_est.pdf Graphic file (type pdf)

<use ./figures/baseSeries/err_est.pdf>
Package pdftex.def Info: ./figures/baseSeries/err_est.pdf used on input line 11
6.
(pdftex.def)             Requested size: 276.00105pt x 79.2442pt.
 [14] [15pdfTeX warning (ext4): destination with the same identifier (name{figu
re.2}) has been already used, duplicate ignored

\AtBegShi@Output ...ipout \box \AtBeginShipoutBox 
                                                  \fi \fi 
l.121 
       <./figures/baseSeries/cd_cdr_LF_divvy.jpeg> <./figures/baseSeries/err_br
eakdown_LF.jpeg> <./figures/baseSeries/cd_cdr_MF01_divvy.jpeg> <./figures/baseS
eries/err_breakdown_MF01.jpeg> <./figures/baseSeries/cd_cdr_MF02_divvy.jpeg> <.
/figures/baseSeries/err_breakdown_MF02.jpeg>] [16pdfTeX warning (ext4): destina
tion with the same identifier (name{figure.3}) has been already used, duplicate
 ignored

\AtBegShi@Output ...ipout \box \AtBeginShipoutBox 
                                                  \fi \fi 
l.130 
       <./figures/baseSeries/err_est.pdf>]
<./figures/vs_qoi/vs_qoi_setup_sidetrim.jpeg, id=358, 279.444pt x 1404.6879pt>
File: ./figures/vs_qoi/vs_qoi_setup_sidetrim.jpeg Graphic file (type jpg)

<use ./figures/vs_qoi/vs_qoi_setup_sidetrim.jpeg>
Package pdftex.def Info: ./figures/vs_qoi/vs_qoi_setup_sidetrim.jpeg used on in
put line 138.
(pdftex.def)             Requested size: 72.45232pt x 364.20285pt.

<./figures/vs_qoi/vs_qoi_err0_nobar.jpeg, id=359, 213.1965pt x 1405.4106pt>
File: ./figures/vs_qoi/vs_qoi_err0_nobar.jpeg Graphic file (type jpg)

<use ./figures/vs_qoi/vs_qoi_err0_nobar.jpeg>
Package pdftex.def Info: ./figures/vs_qoi/vs_qoi_err0_nobar.jpeg used on input 
line 144.
(pdftex.def)             Requested size: 55.20126pt x 363.87556pt.

<./figures/vs_qoi/vs_qoi_err1_nobar.jpeg, id=360, 213.1965pt x 1405.6515pt>
File: ./figures/vs_qoi/vs_qoi_err1_nobar.jpeg Graphic file (type jpg)

<use ./figures/vs_qoi/vs_qoi_err1_nobar.jpeg>
Package pdftex.def Info: ./figures/vs_qoi/vs_qoi_err1_nobar.jpeg used on input 
line 149.
(pdftex.def)             Requested size: 55.20126pt x 363.93793pt.

<./figures/vs_qoi/vs_qoi_err2_barnorm.jpeg, id=361, 306.4248pt x 1405.6515pt>
File: ./figures/vs_qoi/vs_qoi_err2_barnorm.jpeg Graphic file (type jpg)

<use ./figures/vs_qoi/vs_qoi_err2_barnorm.jpeg>
Package pdftex.def Info: ./figures/vs_qoi/vs_qoi_err2_barnorm.jpeg used on inpu
t line 155.
(pdftex.def)             Requested size: 79.34853pt x 363.98083pt.

<./figures/vs_data/vs_data_setup_sidetrim.jpeg, id=371, 279.444pt x 1404.6879pt
>
File: ./figures/vs_data/vs_data_setup_sidetrim.jpeg Graphic file (type jpg)
 <use ./figures/vs_data/vs_data_setup_sidetrim.jpeg>
Package pdftex.def Info: ./figures/vs_data/vs_data_setup_sidetrim.jpeg used on 
input line 170.
(pdftex.def)             Requested size: 72.45232pt x 364.20285pt.

<./figures/vs_data/vs_data_err0_nobar.jpeg, id=372, 213.1965pt x 1372.4073pt>
File: ./figures/vs_data/vs_data_err0_nobar.jpeg Graphic file (type jpg)

<use ./figures/vs_data/vs_data_err0_nobar.jpeg>
Package pdftex.def Info: ./figures/vs_data/vs_data_err0_nobar.jpeg used on inpu
t line 176.
(pdftex.def)             Requested size: 55.20126pt x 355.33066pt.

<./figures/vs_data/vs_data_err1_nobar.jpeg, id=373, 213.1965pt x 1372.8891pt>
File: ./figures/vs_data/vs_data_err1_nobar.jpeg Graphic file (type jpg)

<use ./figures/vs_data/vs_data_err1_nobar.jpeg>
Package pdftex.def Info: ./figures/vs_data/vs_data_err1_nobar.jpeg used on inpu
t line 181.
(pdftex.def)             Requested size: 55.20126pt x 355.4554pt.

<./figures/vs_data/vs_data_err2_barnorm.jpeg, id=374, 306.4248pt x 1405.6515pt>
File: ./figures/vs_data/vs_data_err2_barnorm.jpeg Graphic file (type jpg)
<use ./figures/vs_data/vs_data_err2_barnorm.jpeg>
Package pdftex.def Info: ./figures/vs_data/vs_data_err2_barnorm.jpeg used on in
put line 187.
(pdftex.def)             Requested size: 79.34853pt x 363.98083pt.
 [17] [18pdfTeX warning (ext4): destination with the same identifier (name{figu
re.4}) has been already used, duplicate ignored

\AtBegShi@Output ...ipout \box \AtBeginShipoutBox 
                                                  \fi \fi 
l.205 \end{equation}
                     <./figures/vs_qoi/vs_qoi_setup_sidetrim.jpeg> <./figures/v
s_qoi/vs_qoi_err0_nobar.jpeg> <./figures/vs_qoi/vs_qoi_err1_nobar.jpeg> <./figu
res/vs_qoi/vs_qoi_err2_barnorm.jpeg>] [19pdfTeX warning (ext4): destination wit
h the same identifier (name{figure.5}) has been already used, duplicate ignored


\AtBegShi@Output ...ipout \box \AtBeginShipoutBox 
                                                  \fi \fi 
l.205 \end{equation}
                     <./figures/vs_data/vs_data_setup_sidetrim.jpeg> <./figures
/vs_data/vs_data_err0_nobar.jpeg> <./figures/vs_data/vs_data_err1_nobar.jpeg> <
./figures/vs_data/vs_data_err2_barnorm.jpeg>]
<./figures/svf/cd_cdr_LF_divvy.jpeg, id=408, 766.3029pt x 254.8722pt>
File: ./figures/svf/cd_cdr_LF_divvy.jpeg Graphic file (type jpg)

<use ./figures/svf/cd_cdr_LF_divvy.jpeg>
Package pdftex.def Info: ./figures/svf/cd_cdr_LF_divvy.jpeg used on input line 
225.
(pdftex.def)             Requested size: 158.70232pt x 52.78192pt.

<./figures/svf/err_breakdown_LF.jpeg, id=409, 861.9402pt x 265.4718pt>
File: ./figures/svf/err_breakdown_LF.jpeg Graphic file (type jpg)

<use ./figures/svf/err_breakdown_LF.jpeg>
Package pdftex.def Info: ./figures/svf/err_breakdown_LF.jpeg used on input line
 225.
(pdftex.def)             Requested size: 169.0519pt x 52.06451pt.

<./figures/svf/cd_cdr_MF01_divvy.jpeg, id=410, 766.3029pt x 254.8722pt>
File: ./figures/svf/cd_cdr_MF01_divvy.jpeg Graphic file (type jpg)

<use ./figures/svf/cd_cdr_MF01_divvy.jpeg>
Package pdftex.def Info: ./figures/svf/cd_cdr_MF01_divvy.jpeg used on input lin
e 229.
(pdftex.def)             Requested size: 158.70232pt x 52.78192pt.

<./figures/svf/err_breakdown_MF01.jpeg, id=411, 856.3995pt x 264.2673pt>
File: ./figures/svf/err_breakdown_MF01.jpeg Graphic file (type jpg)

<use ./figures/svf/err_breakdown_MF01.jpeg>
Package pdftex.def Info: ./figures/svf/err_breakdown_MF01.jpeg used on input li
ne 229.
(pdftex.def)             Requested size: 169.0519pt x 52.16298pt.

<./figures/svf/cd_cdr_MF02_divvy.jpeg, id=412, 766.3029pt x 254.8722pt>
File: ./figures/svf/cd_cdr_MF02_divvy.jpeg Graphic file (type jpg)

<use ./figures/svf/cd_cdr_MF02_divvy.jpeg>
Package pdftex.def Info: ./figures/svf/cd_cdr_MF02_divvy.jpeg used on input lin
e 233.
(pdftex.def)             Requested size: 158.70232pt x 52.78192pt.

<./figures/svf/err_breakdown_MF02.jpeg, id=413, 855.9177pt x 264.0264pt>
File: ./figures/svf/err_breakdown_MF02.jpeg Graphic file (type jpg)

<use ./figures/svf/err_breakdown_MF02.jpeg>
Package pdftex.def Info: ./figures/svf/err_breakdown_MF02.jpeg used on input li
ne 233.
(pdftex.def)             Requested size: 169.0519pt x 52.14766pt.

<./figures/svf/cd_cdr_MF06_divvy.jpeg, id=414, 760.2804pt x 253.4268pt>
File: ./figures/svf/cd_cdr_MF06_divvy.jpeg Graphic file (type jpg)

<use ./figures/svf/cd_cdr_MF06_divvy.jpeg>
Package pdftex.def Info: ./figures/svf/cd_cdr_MF06_divvy.jpeg used on input lin
e 237.
(pdftex.def)             Requested size: 158.70232pt x 52.90024pt.

<./figures/svf/err_breakdown_MF06.jpeg, id=415, 856.1586pt x 264.0264pt>
File: ./figures/svf/err_breakdown_MF06.jpeg Graphic file (type jpg)

<use ./figures/svf/err_breakdown_MF06.jpeg>
Package pdftex.def Info: ./figures/svf/err_breakdown_MF06.jpeg used on input li
ne 237.
(pdftex.def)             Requested size: 169.0519pt x 52.13155pt.
 [20]
<./figures/svf/err_est.pdf, id=424, 513.92pt x 147.55125pt>
File: ./figures/svf/err_est.pdf Graphic file (type pdf)

<use ./figures/svf/err_est.pdf>
Package pdftex.def Info: ./figures/svf/err_est.pdf used on input line 248.
(pdftex.def)             Requested size: 276.00105pt x 79.2442pt.
 [21pdfTeX warning (ext4): destination with the same identifier (name{figure.6}
) has been already used, duplicate ignored

\AtBegShi@Output ...ipout \box \AtBeginShipoutBox 
                                                  \fi \fi 
l.254 
       <./figures/svf/cd_cdr_LF_divvy.jpeg> <./figures/svf/err_breakdown_LF.jpe
g> <./figures/svf/cd_cdr_MF01_divvy.jpeg> <./figures/svf/err_breakdown_MF01.jpe
g> <./figures/svf/cd_cdr_MF02_divvy.jpeg> <./figures/svf/err_breakdown_MF02.jpe
g> <./figures/svf/cd_cdr_MF06_divvy.jpeg> <./figures/svf/err_breakdown_MF06.jpe
g>] [22pdfTeX warning (ext4): destination with the same identifier (name{figure
.7}) has been already used, duplicate ignored

\AtBegShi@Output ...ipout \box \AtBeginShipoutBox 
                                                  \fi \fi 
l.269 \begin{align}
                    <./figures/svf/err_est.pdf>] [23]
<./figures/series3D/setup_aerial_nolegend.pdf, id=481, 629.35126pt x 459.7175pt
>
File: ./figures/series3D/setup_aerial_nolegend.pdf Graphic file (type pdf)
 <use ./figures/series3D/setup_aerial_nolegend.pdf>
Package pdftex.def Info: ./figures/series3D/setup_aerial_nolegend.pdf used on i
nput line 291.
(pdftex.def)             Requested size: 137.9979pt x 100.80145pt.

<./figures/series3D/setup_3view.pdf, id=482, 860.21375pt x 473.77pt>
File: ./figures/series3D/setup_3view.pdf Graphic file (type pdf)

<use ./figures/series3D/setup_3view.pdf>
Package pdftex.def Info: ./figures/series3D/setup_3view.pdf used on input line 
292.
(pdftex.def)             Requested size: 189.75105pt x 104.50443pt.

<./figures/series3D/setup_side_view.pdf, id=483, 847.165pt x 254.9525pt>
File: ./figures/series3D/setup_side_view.pdf Graphic file (type pdf)

<use ./figures/series3D/setup_side_view.pdf>
Package pdftex.def Info: ./figures/series3D/setup_side_view.pdf used on input l
ine 294.
(pdftex.def)             Requested size: 207.0021pt x 62.29468pt.
 [24pdfTeX warning (ext4): destination with the same identifier (name{figure.8}
) has been already used, duplicate ignored

\AtBegShi@Output ...ipout \box \AtBeginShipoutBox 
                                                  \fi \fi 
l.307 
       <./figures/series3D/setup_aerial_nolegend.pdf> <./figures/series3D/setup
_3view.pdf> <./figures/series3D/setup_side_view.pdf>] [25]
<./figures/series3D/run_diff_mesh/divvy1_whitebg_puff.jpeg, id=547, 586.44093pt
 x 423.83344pt>
File: ./figures/series3D/run_diff_mesh/divvy1_whitebg_puff.jpeg Graphic file (t
ype jpg)

<use ./figures/series3D/run_diff_mesh/divvy1_whitebg_puff.jpeg>
Package pdftex.def Info: ./figures/series3D/run_diff_mesh/divvy1_whitebg_puff.j
peg used on input line 343.
(pdftex.def)             Requested size: 106.94916pt x 77.28912pt.

<./figures/series3D/run_diff_mesh/divvy2_whitebg_puff.jpeg, id=548, 588.69937pt
 x 425.33907pt>
File: ./figures/series3D/run_diff_mesh/divvy2_whitebg_puff.jpeg Graphic file (t
ype jpg)

<use ./figures/series3D/run_diff_mesh/divvy2_whitebg_puff.jpeg>
Package pdftex.def Info: ./figures/series3D/run_diff_mesh/divvy2_whitebg_puff.j
peg used on input line 346.
(pdftex.def)             Requested size: 106.94916pt x 77.27164pt.

<./figures/series3D/run_diff_mesh/divvy3_whitebg_puff.jpeg, id=549, 588.69937pt
 x 425.33907pt>
File: ./figures/series3D/run_diff_mesh/divvy3_whitebg_puff.jpeg Graphic file (t
ype jpg)

<use ./figures/series3D/run_diff_mesh/divvy3_whitebg_puff.jpeg>
Package pdftex.def Info: ./figures/series3D/run_diff_mesh/divvy3_whitebg_puff.j
peg used on input line 349.
(pdftex.def)             Requested size: 106.94916pt x 77.27164pt.

<./figures/series3D/run_diff_mesh/divvy4_whitebg_puff.jpeg, id=550, 588.69937pt
 x 425.33907pt>
File: ./figures/series3D/run_diff_mesh/divvy4_whitebg_puff.jpeg Graphic file (t
ype jpg)

<use ./figures/series3D/run_diff_mesh/divvy4_whitebg_puff.jpeg>
Package pdftex.def Info: ./figures/series3D/run_diff_mesh/divvy4_whitebg_puff.j
peg used on input line 352.
(pdftex.def)             Requested size: 106.94916pt x 77.27164pt.

<./figures/series3D/run_diff_mesh/divvy5_whitebg_puff.jpeg, id=551, 588.69937pt
 x 425.33907pt>
File: ./figures/series3D/run_diff_mesh/divvy5_whitebg_puff.jpeg Graphic file (t
ype jpg)

<use ./figures/series3D/run_diff_mesh/divvy5_whitebg_puff.jpeg>
Package pdftex.def Info: ./figures/series3D/run_diff_mesh/divvy5_whitebg_puff.j
peg used on input line 355.
(pdftex.def)             Requested size: 106.94916pt x 77.27164pt.
 [26pdfTeX warning (ext4): destination with the same identifier (name{table.1})
 has been already used, duplicate ignored

\AtBegShi@Output ...ipout \box \AtBeginShipoutBox 
                                                  \fi \fi 
l.362 
      ] [27pdfTeX warning (ext4): destination with the same identifier (name{fi
gure.9}) has been already used, duplicate ignored

\AtBegShi@Output ...ipout \box \AtBeginShipoutBox 
                                                  \fi \fi 
l.364 
       <./figures/series3D/run_diff_mesh/divvy1_whitebg_puff.jpeg> <./figures/s
eries3D/run_diff_mesh/divvy2_whitebg_puff.jpeg> <./figures/series3D/run_diff_me
sh/divvy3_whitebg_puff.jpeg> <./figures/series3D/run_diff_mesh/divvy4_whitebg_p
uff.jpeg> <./figures/series3D/run_diff_mesh/divvy5_whitebg_puff.jpeg>] [28pdfTe
X warning (ext4): destination with the same identifier (name{table.2}) has been
 already used, duplicate ignored

\AtBegShi@Output ...ipout \box \AtBeginShipoutBox 
                                                  \fi \fi 
l.409 
      ]) (./conclusions_v4_cmame.tex [29pdfTeX warning (ext4): destination with
 the same identifier (name{table.3}) has been already used, duplicate ignored

\AtBegShi@Output ...ipout \box \AtBeginShipoutBox 
                                                  \fi \fi 
l.4 
    ]) (./acknow.tex) (./paper_v4_cmame.bbl [30] [31] [32]
Underfull \hbox (badness 2573) in paragraph at lines 166--169
[]\OT1/cmr/m/n/10 Wadsworth, D., Er-win, D., 1990. One-dimensional hy-brid con-
tin-
 []

[33]
Underfull \hbox (badness 1412) in paragraph at lines 177--180
[]\OT1/cmr/m/n/10 Yano, M., Dar-mo-fal, D. L., 2012. An op-ti-miza-tion frame-w
ork for
 []

)
Package atveryend Info: Empty hook `BeforeClearDocument' on input line 97.
 [34]
Package atveryend Info: Empty hook `AfterLastShipout' on input line 97.
 (./paper_v4_cmame.aux)
Package atveryend Info: Executing hook `AtVeryEndDocument' on input line 97.
Package atveryend Info: Executing hook `AtEndAfterFileList' on input line 97.
Package rerunfilecheck Info: File `paper_v4_cmame.out' has not changed.
(rerunfilecheck)             Checksum: E6807C175A012FD61DA0C0A22F84A238;1490.
Package atveryend Info: Empty hook `AtVeryVeryEnd' on input line 97.
 ) 
Here is how much of TeX's memory you used:
 10241 strings out of 493304
 164819 string characters out of 6139871
 265932 words of memory out of 5000000
 13312 multiletter control sequences out of 15000+600000
 18572 words of font info for 77 fonts, out of 8000000 for 9000
 957 hyphenation exceptions out of 8191
 36i,12n,47p,1519b,517s stack positions out of 5000i,500n,10000p,200000b,80000s
</usr/share/texlive/texmf-dist/fonts/type1/public/amsfonts/cm/cmbx10.pfb></us
r/share/texlive/texmf-dist/fonts/type1/public/amsfonts/cm/cmbx9.pfb></usr/share
/texlive/texmf-dist/fonts/type1/public/amsfonts/cm/cmex10.pfb></usr/share/texli
ve/texmf-dist/fonts/type1/public/amsfonts/cm/cmitt10.pfb></usr/share/texlive/te
xmf-dist/fonts/type1/public/amsfonts/cm/cmmi10.pfb></usr/share/texlive/texmf-di
st/fonts/type1/public/amsfonts/cm/cmmi5.pfb></usr/share/texlive/texmf-dist/font
s/type1/public/amsfonts/cm/cmmi6.pfb></usr/share/texlive/texmf-dist/fonts/type1
/public/amsfonts/cm/cmmi7.pfb></usr/share/texlive/texmf-dist/fonts/type1/public
/amsfonts/cm/cmmi8.pfb></usr/share/texlive/texmf-dist/fonts/type1/public/amsfon
ts/cm/cmmi9.pfb></usr/share/texlive/texmf-dist/fonts/type1/public/amsfonts/cm/c
mr10.pfb></usr/share/texlive/texmf-dist/fonts/type1/public/amsfonts/cm/cmr12.pf
b></usr/share/texlive/texmf-dist/fonts/type1/public/amsfonts/cm/cmr5.pfb></usr/
share/texlive/texmf-dist/fonts/type1/public/amsfonts/cm/cmr6.pfb></usr/share/te
xlive/texmf-dist/fonts/type1/public/amsfonts/cm/cmr7.pfb></usr/share/texlive/te
xmf-dist/fonts/type1/public/amsfonts/cm/cmr8.pfb></usr/share/texlive/texmf-dist
/fonts/type1/public/amsfonts/cm/cmr9.pfb></usr/share/texlive/texmf-dist/fonts/t
ype1/public/amsfonts/cm/cmsy10.pfb></usr/share/texlive/texmf-dist/fonts/type1/p
ublic/amsfonts/cm/cmsy6.pfb></usr/share/texlive/texmf-dist/fonts/type1/public/a
msfonts/cm/cmsy7.pfb></usr/share/texlive/texmf-dist/fonts/type1/public/amsfonts
/cm/cmsy8.pfb></usr/share/texlive/texmf-dist/fonts/type1/public/amsfonts/cm/cms
y9.pfb></usr/share/texlive/texmf-dist/fonts/type1/public/amsfonts/cm/cmtcsc10.p
fb></usr/share/texlive/texmf-dist/fonts/type1/public/amsfonts/cm/cmti10.pfb></u
sr/share/texlive/texmf-dist/fonts/type1/public/amsfonts/cm/cmti7.pfb></usr/shar
e/texlive/texmf-dist/fonts/type1/public/amsfonts/cm/cmti8.pfb></usr/share/texli
ve/texmf-dist/fonts/type1/public/amsfonts/cm/cmtt10.pfb></usr/share/texlive/tex
mf-dist/fonts/type1/public/amsfonts/cm/cmtt9.pfb></usr/share/texlive/texmf-dist
/fonts/type1/public/amsfonts/symbols/msbm10.pfb></usr/share/texlive/texmf-dist/
fonts/type1/public/rsfs/rsfs10.pfb>
Output written on paper_v4_cmame.pdf (34 pages, 10056297 bytes).
PDF statistics:
 745 PDF objects out of 1000 (max. 8388607)
 609 compressed objects within 7 object streams
 159 named destinations out of 1000 (max. 500000)
 318 words of extra memory for PDF output out of 10000 (max. 10000000)

